
**** Build of configuration Debug for project PWM_TASK ****

"C:\\ti\\ccsv6\\utils\\bin\\gmake" -k all 
'Building file: ../main.c'
'Invoking: ARM Compiler'
"C:/ti/ccsv6/tools/compiler/ti-cgt-arm_5.2.5/bin/armcl" -mv7M4 --code_state=16 --float_support=FPv4SPD16 --abi=eabi -me --include_path="C:/ti/ccsv6/tools/compiler/ti-cgt-arm_5.2.5/include" --include_path="C:/ti/TivaWare" -g --gcc --define=ccs="ccs" --define=PART_TM4C123GH6PGE --define=TARGET_IS_BLIZZARD_RA1 --diag_wrap=off --diag_warning=225 --display_error_number --preproc_with_compile --preproc_dependency="main.pp"  "../main.c"
"../main.c", line 43: error #20: identifier "value" is undefined
"../main.c", line 76: error #167: too few arguments in function call
"../main.c", line 82: warning #112-D: statement is unreachable
2 errors detected in the compilation of "../main.c".

>> Compilation failure
gmake: *** [main.obj] Error 1
gmake: Target `all' not remade because of errors.

**** Build Finished ****

**** Build of configuration Debug for project PWM_EXAMPLE ****

"C:\\ti\\ccsv6\\utils\\bin\\gmake" -k all 
'Building file: ../main.c'
'Invoking: ARM Compiler'
"C:/ti/ccsv6/tools/compiler/ti-cgt-arm_5.2.5/bin/armcl" -mv7M4 --code_state=16 --float_support=FPv4SPD16 --abi=eabi -me --include_path="C:/ti/ccsv6/tools/compiler/ti-cgt-arm_5.2.5/include" --include_path="C:/ti/TivaWare" -g --gcc --define=ccs="ccs" --define=PART_TM4C123GH6PGE --define=TARGET_IS_BLIZZARD_RA1 --diag_wrap=off --diag_warning=225 --display_error_number --preproc_with_compile --preproc_dependency="main.pp"  "../main.c"
"../main.c", line 81: warning #112-D: statement is unreachable
'Finished building: ../main.c'
' '
'Building target: PWM_EXAMPLE.out'
'Invoking: ARM Linker'
"C:/ti/ccsv6/tools/compiler/ti-cgt-arm_5.2.5/bin/armcl" -mv7M4 --code_state=16 --float_support=FPv4SPD16 --abi=eabi -me -g --gcc --define=ccs="ccs" --define=PART_TM4C123GH6PGE --define=TARGET_IS_BLIZZARD_RA1 --diag_wrap=off --diag_warning=225 --display_error_number -z -m"PWM_EXAMPLE.map" --heap_size=0 --stack_size=512 -i"C:/ti/ccsv6/tools/compiler/ti-cgt-arm_5.2.5/lib" -i"C:/ti/ccsv6/tools/compiler/ti-cgt-arm_5.2.5/include" --reread_libs --display_error_number --diag_wrap=off --warn_sections --xml_link_info="PWM_EXAMPLE_linkInfo.xml" --rom_model -o "PWM_EXAMPLE.out" "./main.obj" "./tm4c123gh6pge_startup_ccs.obj" "C:/ti/TivaWare/driverlib/ccs/Debug/driverlib.lib" "../tm4c123gh6pge.cmd"  -l"libc.a" 
<Linking>
'Finished building target: PWM_EXAMPLE.out'
' '

**** Build Finished ****

**** Clean-only build of configuration Debug for project Lcd_task ****

"C:\\ti\\ccsv6\\utils\\bin\\gmake" -k clean 
DEL /F  "Lcd_task.out"  "Lcd_task.hex" 
Could Not Find M:\Emin_Bilir(microNEW)\Emin_Bilir_ARMCORTEX\Lcd_task\Debug\Lcd_task.out
DEL /F "main.pp" "tm4c123gh6pge_startup_ccs.pp" 
DEL /F "main.obj" "tm4c123gh6pge_startup_ccs.obj" 
'Finished clean'
' '

**** Build Finished ****

**** Build of configuration Debug for project Lcd_task ****

"C:\\ti\\ccsv6\\utils\\bin\\gmake" -k all 
'Building file: ../main.c'
'Invoking: ARM Compiler'
"C:/ti/ccsv6/tools/compiler/ti-cgt-arm_5.2.5/bin/armcl" -mv7M4 --code_state=16 --float_support=FPv4SPD16 --abi=eabi -me --include_path="C:/ti/ccsv6/tools/compiler/ti-cgt-arm_5.2.5/include" --include_path="C:/ti/TivaWare" -g --gcc --define=ccs="ccs" --define=PART_TM4C123GH6PGE --define=TARGET_IS_BLIZZARD_RA1 --diag_wrap=off --diag_warning=225 --display_error_number --preproc_with_compile --preproc_dependency="main.pp"  "../main.c"
'Finished building: ../main.c'
' '
'Building file: ../tm4c123gh6pge_startup_ccs.c'
'Invoking: ARM Compiler'
"C:/ti/ccsv6/tools/compiler/ti-cgt-arm_5.2.5/bin/armcl" -mv7M4 --code_state=16 --float_support=FPv4SPD16 --abi=eabi -me --include_path="C:/ti/ccsv6/tools/compiler/ti-cgt-arm_5.2.5/include" --include_path="C:/ti/TivaWare" -g --gcc --define=ccs="ccs" --define=PART_TM4C123GH6PGE --define=TARGET_IS_BLIZZARD_RA1 --diag_wrap=off --diag_warning=225 --display_error_number --preproc_with_compile --preproc_dependency="tm4c123gh6pge_startup_ccs.pp"  "../tm4c123gh6pge_startup_ccs.c"
'Finished building: ../tm4c123gh6pge_startup_ccs.c'
' '
'Building target: Lcd_task.out'
'Invoking: ARM Linker'
"C:/ti/ccsv6/tools/compiler/ti-cgt-arm_5.2.5/bin/armcl" -mv7M4 --code_state=16 --float_support=FPv4SPD16 --abi=eabi -me -g --gcc --define=ccs="ccs" --define=PART_TM4C123GH6PGE --define=TARGET_IS_BLIZZARD_RA1 --diag_wrap=off --diag_warning=225 --display_error_number -z -m"Lcd_task.map" --heap_size=0 --stack_size=512 -i"C:/ti/ccsv6/tools/compiler/ti-cgt-arm_5.2.5/lib" -i"C:/ti/ccsv6/tools/compiler/ti-cgt-arm_5.2.5/include" --reread_libs --display_error_number --diag_wrap=off --warn_sections --xml_link_info="Lcd_task_linkInfo.xml" --rom_model -o "Lcd_task.out" "./main.obj" "./tm4c123gh6pge_startup_ccs.obj" "C:/ti/TivaWare/driverlib/ccs/Debug/driverlib.lib" "../tm4c123gh6pge.cmd"  -l"libc.a" 
<Linking>
'Finished building target: Lcd_task.out'
' '

**** Build Finished ****

**** Build of configuration Debug for project GPIO_TASK ****

"C:\\ti\\ccsv6\\utils\\bin\\gmake" -k all 
gmake: Nothing to be done for `all'.

**** Build Finished ****

**** Build of configuration Debug for project GPIO_TASK ****

"C:\\ti\\ccsv6\\utils\\bin\\gmake" -k all 
gmake: Nothing to be done for `all'.

**** Build Finished ****

**** Build of configuration Debug for project GPIO_TASK ****

"C:\\ti\\ccsv6\\utils\\bin\\gmake" -k all 
gmake: Nothing to be done for `all'.

**** Build Finished ****

**** Build of configuration Debug for project PWM_EXAMPLE ****

"C:\\ti\\ccsv6\\utils\\bin\\gmake" -k all 
'Building file: ../main.c'
'Invoking: ARM Compiler'
"C:/ti/ccsv6/tools/compiler/ti-cgt-arm_5.2.5/bin/armcl" -mv7M4 --code_state=16 --float_support=FPv4SPD16 --abi=eabi -me --include_path="C:/ti/ccsv6/tools/compiler/ti-cgt-arm_5.2.5/include" --include_path="C:/ti/TivaWare" -g --gcc --define=ccs="ccs" --define=PART_TM4C123GH6PGE --define=TARGET_IS_BLIZZARD_RA1 --diag_wrap=off --diag_warning=225 --display_error_number --preproc_with_compile --preproc_dependency="main.pp"  "../main.c"
"../main.c", line 81: warning #112-D: statement is unreachable
'Finished building: ../main.c'
' '
'Building target: PWM_EXAMPLE.out'
'Invoking: ARM Linker'
"C:/ti/ccsv6/tools/compiler/ti-cgt-arm_5.2.5/bin/armcl" -mv7M4 --code_state=16 --float_support=FPv4SPD16 --abi=eabi -me -g --gcc --define=ccs="ccs" --define=PART_TM4C123GH6PGE --define=TARGET_IS_BLIZZARD_RA1 --diag_wrap=off --diag_warning=225 --display_error_number -z -m"PWM_EXAMPLE.map" --heap_size=0 --stack_size=512 -i"C:/ti/ccsv6/tools/compiler/ti-cgt-arm_5.2.5/lib" -i"C:/ti/ccsv6/tools/compiler/ti-cgt-arm_5.2.5/include" --reread_libs --display_error_number --diag_wrap=off --warn_sections --xml_link_info="PWM_EXAMPLE_linkInfo.xml" --rom_model -o "PWM_EXAMPLE.out" "./main.obj" "./tm4c123gh6pge_startup_ccs.obj" "C:/ti/TivaWare/driverlib/ccs/Debug/driverlib.lib" "../tm4c123gh6pge.cmd"  -l"libc.a" 
<Linking>
'Finished building target: PWM_EXAMPLE.out'
' '

**** Build Finished ****

**** Build of configuration Debug for project GPIO_TASK ****

"C:\\ti\\ccsv6\\utils\\bin\\gmake" -k all 
gmake: Nothing to be done for `all'.

**** Build Finished ****

**** Build of configuration Debug for project PWM_EXAMPLE ****

"C:\\ti\\ccsv6\\utils\\bin\\gmake" -k all 
gmake: Nothing to be done for `all'.

**** Build Finished ****

**** Build of configuration Debug for project PWM_EXAMPLE ****

"C:\\ti\\ccsv6\\utils\\bin\\gmake" -k all 
gmake: Nothing to be done for `all'.

**** Build Finished ****

**** Build of configuration Debug for project PWM_EXAMPLE ****

"C:\\ti\\ccsv6\\utils\\bin\\gmake" -k all 
gmake: Nothing to be done for `all'.

**** Build Finished ****

**** Clean-only build of configuration Debug for project PWM_TASK_2 ****

"C:\\ti\\ccsv6\\utils\\bin\\gmake" -k clean 
DEL /F  "PWM_TASK_2.out"  "PWM_TASK_2.hex" 
Could Not Find M:\Emin_Bilir(microNEW)\Emin_Bilir_ARMCORTEX\PWM_TASK_2\Debug\PWM_TASK_2.out
DEL /F "main.pp" "tm4c123gh6pge_startup_ccs.pp" 
DEL /F "main.obj" "tm4c123gh6pge_startup_ccs.obj" 
'Finished clean'
' '

**** Build Finished ****

**** Build of configuration Debug for project PWM_TASK_2 ****

"C:\\ti\\ccsv6\\utils\\bin\\gmake" -k all 
'Building file: ../main.c'
'Invoking: ARM Compiler'
"C:/ti/ccsv6/tools/compiler/ti-cgt-arm_5.2.5/bin/armcl" -mv7M4 --code_state=16 --float_support=FPv4SPD16 --abi=eabi -me --include_path="C:/ti/ccsv6/tools/compiler/ti-cgt-arm_5.2.5/include" --include_path="C:/ti/TivaWare" -g --gcc --define=ccs="ccs" --define=PART_TM4C123GH6PGE --define=TARGET_IS_BLIZZARD_RA1 --diag_wrap=off --diag_warning=225 --display_error_number --preproc_with_compile --preproc_dependency="main.pp"  "../main.c"
'Finished building: ../main.c'
' '
'Building file: ../tm4c123gh6pge_startup_ccs.c'
'Invoking: ARM Compiler'
"C:/ti/ccsv6/tools/compiler/ti-cgt-arm_5.2.5/bin/armcl" -mv7M4 --code_state=16 --float_support=FPv4SPD16 --abi=eabi -me --include_path="C:/ti/ccsv6/tools/compiler/ti-cgt-arm_5.2.5/include" --include_path="C:/ti/TivaWare" -g --gcc --define=ccs="ccs" --define=PART_TM4C123GH6PGE --define=TARGET_IS_BLIZZARD_RA1 --diag_wrap=off --diag_warning=225 --display_error_number --preproc_with_compile --preproc_dependency="tm4c123gh6pge_startup_ccs.pp"  "../tm4c123gh6pge_startup_ccs.c"
'Finished building: ../tm4c123gh6pge_startup_ccs.c'
' '
'Building target: PWM_TASK_2.out'
'Invoking: ARM Linker'
"C:/ti/ccsv6/tools/compiler/ti-cgt-arm_5.2.5/bin/armcl" -mv7M4 --code_state=16 --float_support=FPv4SPD16 --abi=eabi -me -g --gcc --define=ccs="ccs" --define=PART_TM4C123GH6PGE --define=TARGET_IS_BLIZZARD_RA1 --diag_wrap=off --diag_warning=225 --display_error_number -z -m"PWM_TASK_2.map" --heap_size=0 --stack_size=512 -i"C:/ti/ccsv6/tools/compiler/ti-cgt-arm_5.2.5/lib" -i"C:/ti/ccsv6/tools/compiler/ti-cgt-arm_5.2.5/include" --reread_libs --display_error_number --diag_wrap=off --warn_sections --xml_link_info="PWM_TASK_2_linkInfo.xml" --rom_model -o "PWM_TASK_2.out" "./main.obj" "./tm4c123gh6pge_startup_ccs.obj" "C:/ti/TivaWare/driverlib/ccs/Debug/driverlib.lib" "../tm4c123gh6pge.cmd"  -l"libc.a" 
<Linking>
'Finished building target: PWM_TASK_2.out'
' '

**** Build Finished ****

**** Build of configuration Debug for project PWM_TASK_2 ****

"C:\\ti\\ccsv6\\utils\\bin\\gmake" -k all 
gmake: Nothing to be done for `all'.

**** Build Finished ****

**** Build of configuration Debug for project PWM_TASK_2 ****

"C:\\ti\\ccsv6\\utils\\bin\\gmake" -k all 
'Building file: ../main.c'
'Invoking: ARM Compiler'
"C:/ti/ccsv6/tools/compiler/ti-cgt-arm_5.2.5/bin/armcl" -mv7M4 --code_state=16 --float_support=FPv4SPD16 --abi=eabi -me --include_path="C:/ti/ccsv6/tools/compiler/ti-cgt-arm_5.2.5/include" --include_path="C:/ti/TivaWare" -g --gcc --define=ccs="ccs" --define=PART_TM4C123GH6PGE --define=TARGET_IS_BLIZZARD_RA1 --diag_wrap=off --diag_warning=225 --display_error_number --preproc_with_compile --preproc_dependency="main.pp"  "../main.c"
"../main.c", line 115: warning #112-D: statement is unreachable
'Finished building: ../main.c'
' '
'Building target: PWM_TASK_2.out'
'Invoking: ARM Linker'
"C:/ti/ccsv6/tools/compiler/ti-cgt-arm_5.2.5/bin/armcl" -mv7M4 --code_state=16 --float_support=FPv4SPD16 --abi=eabi -me -g --gcc --define=ccs="ccs" --define=PART_TM4C123GH6PGE --define=TARGET_IS_BLIZZARD_RA1 --diag_wrap=off --diag_warning=225 --display_error_number -z -m"PWM_TASK_2.map" --heap_size=0 --stack_size=512 -i"C:/ti/ccsv6/tools/compiler/ti-cgt-arm_5.2.5/lib" -i"C:/ti/ccsv6/tools/compiler/ti-cgt-arm_5.2.5/include" --reread_libs --display_error_number --diag_wrap=off --warn_sections --xml_link_info="PWM_TASK_2_linkInfo.xml" --rom_model -o "PWM_TASK_2.out" "./main.obj" "./tm4c123gh6pge_startup_ccs.obj" "C:/ti/TivaWare/driverlib/ccs/Debug/driverlib.lib" "../tm4c123gh6pge.cmd"  -l"libc.a" 
<Linking>
'Finished building target: PWM_TASK_2.out'
' '

**** Build Finished ****

**** Build of configuration Debug for project PWM_TASK_2 ****

"C:\\ti\\ccsv6\\utils\\bin\\gmake" -k all 
gmake: Nothing to be done for `all'.

**** Build Finished ****

**** Build of configuration Debug for project PWM_TASK_2 ****

"C:\\ti\\ccsv6\\utils\\bin\\gmake" -k all 
'Building file: ../main.c'
'Invoking: ARM Compiler'
"C:/ti/ccsv6/tools/compiler/ti-cgt-arm_5.2.5/bin/armcl" -mv7M4 --code_state=16 --float_support=FPv4SPD16 --abi=eabi -me --include_path="C:/ti/ccsv6/tools/compiler/ti-cgt-arm_5.2.5/include" --include_path="C:/ti/TivaWare" -g --gcc --define=ccs="ccs" --define=PART_TM4C123GH6PGE --define=TARGET_IS_BLIZZARD_RA1 --diag_wrap=off --diag_warning=225 --display_error_number --preproc_with_compile --preproc_dependency="main.pp"  "../main.c"
"../main.c", line 44: error #20: identifier "y" is undefined
"../main.c", line 44: error #142-D: unnamed prototyped parameters not allowed when body is present
"../main.c", line 51: error #20: identifier "y" is undefined
"../main.c", line 118: warning #112-D: statement is unreachable
3 errors detected in the compilation of "../main.c".

>> Compilation failure
gmake: *** [main.obj] Error 1
gmake: Target `all' not remade because of errors.

**** Build Finished ****

**** Build of configuration Debug for project EminFirstProject ****

"C:\\ti\\ccsv6\\utils\\bin\\gmake" -k all 
gmake: Nothing to be done for `all'.

**** Build Finished ****

**** Build of configuration Debug for project Firstproject ****

"C:\\ti\\ccsv6\\utils\\bin\\gmake" -k all 
gmake: Nothing to be done for `all'.

**** Build Finished ****

**** Build of configuration Debug for project GPIO_PWM_ARM ****

"C:\\ti\\ccsv6\\utils\\bin\\gmake" -k all 
gmake: Nothing to be done for `all'.

**** Build Finished ****

**** Build of configuration Debug for project GPIO_TASK ****

"C:\\ti\\ccsv6\\utils\\bin\\gmake" -k all 
gmake: Nothing to be done for `all'.

**** Build Finished ****

**** Build of configuration Debug for project Lcd_task ****

"C:\\ti\\ccsv6\\utils\\bin\\gmake" -k all 
gmake: Nothing to be done for `all'.

**** Build Finished ****

**** Build of configuration Debug for project PWM_EXAMPLE ****

"C:\\ti\\ccsv6\\utils\\bin\\gmake" -k all 
gmake: Nothing to be done for `all'.

**** Build Finished ****

**** Build of configuration Debug for project PWM_TASK ****

"C:\\ti\\ccsv6\\utils\\bin\\gmake" -k all 
'Building file: ../main.c'
'Invoking: ARM Compiler'
"C:/ti/ccsv6/tools/compiler/ti-cgt-arm_5.2.5/bin/armcl" -mv7M4 --code_state=16 --float_support=FPv4SPD16 --abi=eabi -me --include_path="C:/ti/ccsv6/tools/compiler/ti-cgt-arm_5.2.5/include" --include_path="C:/ti/TivaWare" -g --gcc --define=ccs="ccs" --define=PART_TM4C123GH6PGE --define=TARGET_IS_BLIZZARD_RA1 --diag_wrap=off --diag_warning=225 --display_error_number --preproc_with_compile --preproc_dependency="main.pp"  "../main.c"
"../main.c", line 43: error #29: expected an expression
"../main.c", line 76: error #167: too few arguments in function call
"../main.c", line 82: warning #112-D: statement is unreachable
2 errors detected in the compilation of "../main.c".

>> Compilation failure
gmake: *** [main.obj] Error 1
gmake: Target `all' not remade because of errors.

**** Build Finished ****

**** Build of configuration Debug for project PWM_TASK_2 ****

"C:\\ti\\ccsv6\\utils\\bin\\gmake" -k all 
'Building file: ../main.c'
'Invoking: ARM Compiler'
"C:/ti/ccsv6/tools/compiler/ti-cgt-arm_5.2.5/bin/armcl" -mv7M4 --code_state=16 --float_support=FPv4SPD16 --abi=eabi -me --include_path="C:/ti/ccsv6/tools/compiler/ti-cgt-arm_5.2.5/include" --include_path="C:/ti/TivaWare" -g --gcc --define=ccs="ccs" --define=PART_TM4C123GH6PGE --define=TARGET_IS_BLIZZARD_RA1 --diag_wrap=off --diag_warning=225 --display_error_number --preproc_with_compile --preproc_dependency="main.pp"  "../main.c"
"../main.c", line 118: warning #112-D: statement is unreachable
'Finished building: ../main.c'
' '
'Building target: PWM_TASK_2.out'
'Invoking: ARM Linker'
"C:/ti/ccsv6/tools/compiler/ti-cgt-arm_5.2.5/bin/armcl" -mv7M4 --code_state=16 --float_support=FPv4SPD16 --abi=eabi -me -g --gcc --define=ccs="ccs" --define=PART_TM4C123GH6PGE --define=TARGET_IS_BLIZZARD_RA1 --diag_wrap=off --diag_warning=225 --display_error_number -z -m"PWM_TASK_2.map" --heap_size=0 --stack_size=512 -i"C:/ti/ccsv6/tools/compiler/ti-cgt-arm_5.2.5/lib" -i"C:/ti/ccsv6/tools/compiler/ti-cgt-arm_5.2.5/include" --reread_libs --display_error_number --diag_wrap=off --warn_sections --xml_link_info="PWM_TASK_2_linkInfo.xml" --rom_model -o "PWM_TASK_2.out" "./main.obj" "./tm4c123gh6pge_startup_ccs.obj" "C:/ti/TivaWare/driverlib/ccs/Debug/driverlib.lib" "../tm4c123gh6pge.cmd"  -l"libc.a" 
<Linking>
'Finished building target: PWM_TASK_2.out'
' '

**** Build Finished ****

**** Build of configuration Debug for project PWM_TASK_2 ****

"C:\\ti\\ccsv6\\utils\\bin\\gmake" -k all 
gmake: Nothing to be done for `all'.

**** Build Finished ****

**** Build of configuration Debug for project PWM_TASK_2 ****

"C:\\ti\\ccsv6\\utils\\bin\\gmake" -k all 
'Building file: ../main.c'
'Invoking: ARM Compiler'
"C:/ti/ccsv6/tools/compiler/ti-cgt-arm_5.2.5/bin/armcl" -mv7M4 --code_state=16 --float_support=FPv4SPD16 --abi=eabi -me --include_path="C:/ti/ccsv6/tools/compiler/ti-cgt-arm_5.2.5/include" --include_path="C:/ti/TivaWare" -g --gcc --define=ccs="ccs" --define=PART_TM4C123GH6PGE --define=TARGET_IS_BLIZZARD_RA1 --diag_wrap=off --diag_warning=225 --display_error_number --preproc_with_compile --preproc_dependency="main.pp"  "../main.c"
"../main.c", line 121: warning #112-D: statement is unreachable
'Finished building: ../main.c'
' '
'Building target: PWM_TASK_2.out'
'Invoking: ARM Linker'
"C:/ti/ccsv6/tools/compiler/ti-cgt-arm_5.2.5/bin/armcl" -mv7M4 --code_state=16 --float_support=FPv4SPD16 --abi=eabi -me -g --gcc --define=ccs="ccs" --define=PART_TM4C123GH6PGE --define=TARGET_IS_BLIZZARD_RA1 --diag_wrap=off --diag_warning=225 --display_error_number -z -m"PWM_TASK_2.map" --heap_size=0 --stack_size=512 -i"C:/ti/ccsv6/tools/compiler/ti-cgt-arm_5.2.5/lib" -i"C:/ti/ccsv6/tools/compiler/ti-cgt-arm_5.2.5/include" --reread_libs --display_error_number --diag_wrap=off --warn_sections --xml_link_info="PWM_TASK_2_linkInfo.xml" --rom_model -o "PWM_TASK_2.out" "./main.obj" "./tm4c123gh6pge_startup_ccs.obj" "C:/ti/TivaWare/driverlib/ccs/Debug/driverlib.lib" "../tm4c123gh6pge.cmd"  -l"libc.a" 
<Linking>
'Finished building target: PWM_TASK_2.out'
' '

**** Build Finished ****
